<?xml version="1.0" encoding="UTF-8"?>
<!-- Generated by org.testng.reporters.JUnitReportReporter -->
<testsuite hostname="DESKTOP-KIBBHJ3" failures="0" tests="1" name="testCases.TC_002_LoginTest" time="28.603" errors="0" timestamp="2025-09-18T18:25:33 IST" skipped="0">
  <testcase classname="testCases.TC_002_LoginTest" name="verify_login" time="28.603"/>
</testsuite> <!-- testCases.TC_002_LoginTest -->
