<?xml version="1.0" encoding="UTF-8"?>
<!-- Generated by org.testng.reporters.JUnitReportReporter -->
<testsuite hostname="DESKTOP-KIBBHJ3" failures="0" tests="1" name="testCases.TC_001_AccountRegistrationTest" time="3.492" errors="0" timestamp="2025-09-19T13:28:28 IST" skipped="0">
  <testcase classname="testCases.TC_001_AccountRegistrationTest" name="verify_account_registration" time="3.492"/>
</testsuite> <!-- testCases.TC_001_AccountRegistrationTest -->
